[ 09/03/21 21:14:22.510 session_init FATAL ERROR ] Another composite manager is already running
Using method `randr'.
xwinwrap: window type - override

** (light-locker:956515): WARNING **: 21:17:24.895: screensaver already running in this session
2021/03/09 21:17:26 Fatal error: Directory is not empty: /home/nate/onedrive If you want to mount it anyway use: --allow-non-empty option
[ 09/03/21 21:58:08.113 session_init FATAL ERROR ] Another composite manager is already running
Using method `randr'.
gifsicle:/home/nate/wallpapers/nightcity_resize.gif: No such file or directory
/home/nate/.config/i3/scripts/gifwallpaper.sh: line 20: (2256/2)-(/2): syntax error: operand expected (error token is "/2)")

** (light-locker:1054422): WARNING **: 21:58:08.469: screensaver already running in this session
2021/03/09 21:58:10 Fatal error: Directory is not empty: /home/nate/onedrive If you want to mount it anyway use: --allow-non-empty option
[ 09/03/21 21:58:33.343 session_init FATAL ERROR ] Another composite manager is already running
Using method `randr'.
xwinwrap: window type - override

** (light-locker:1055849): WARNING **: 21:58:41.794: screensaver already running in this session
2021/03/09 21:58:42 Fatal error: Directory is not empty: /home/nate/onedrive If you want to mount it anyway use: --allow-non-empty option
[ 09/03/21 21:58:43.698 session_init FATAL ERROR ] Another composite manager is already running
Using method `randr'.
xwinwrap: window type - override

** (light-locker:1058820): WARNING **: 21:59:51.640: screensaver already running in this session
2021/03/09 21:59:52 Fatal error: Directory is not empty: /home/nate/onedrive If you want to mount it anyway use: --allow-non-empty option
[ 09/03/21 22:00:57.571 session_init FATAL ERROR ] Another composite manager is already running
Using method `randr'.
xwinwrap: window type - override

** (light-locker:1062282): WARNING **: 22:01:10.643: screensaver already running in this session
2021/03/09 22:01:11 Fatal error: Directory is not empty: /home/nate/onedrive If you want to mount it anyway use: --allow-non-empty option
